<?xml version="1.0" encoding="UTF-8"?>
<!-- Generated by org.testng.reporters.JUnitReportReporter -->
<testsuite hostname="sameer" name="hrmPIM.NewTest2" tests="1" failures="0" timestamp="27 Oct 2016 07:39:53 GMT" time="20.635" errors="0">
  <testcase name="delEmp" time="20.635" classname="hrmPIM.NewTest2"/>
</testsuite> <!-- hrmPIM.NewTest2 -->
