<?xml version="1.0" encoding="UTF-8"?>
<!-- Generated by org.testng.reporters.JUnitReportReporter -->
<testsuite hostname="sameer" name="hrmPIM.DeleteEmployeeTest" tests="1" failures="0" timestamp="15 Nov 2016 17:55:42 GMT" time="26.134" errors="0">
  <testcase name="DelEmp" time="26.134" classname="hrmPIM.DeleteEmployeeTest"/>
</testsuite> <!-- hrmPIM.DeleteEmployeeTest -->
