<?xml version="1.0" encoding="UTF-8"?>
<!-- Generated by org.testng.reporters.JUnitReportReporter -->
<testsuite hostname="sameer" name="hrmPIM.New2Test" tests="1" failures="0" timestamp="13 Oct 2016 13:13:18 GMT" time="22.103" errors="0">
  <testcase name="DelEmp" time="22.103" classname="hrmPIM.New2Test"/>
</testsuite> <!-- hrmPIM.New2Test -->
