<?xml version="1.0" encoding="UTF-8"?>
<!-- Generated by org.testng.reporters.JUnitReportReporter -->
<testsuite hostname="sameer" name="hrmPIM.DeleteEmployee" tests="1" failures="0" timestamp="10 Oct 2016 20:56:14 GMT" time="17.688" errors="0">
  <testcase name="DelEmp" time="17.688" classname="hrmPIM.DeleteEmployee"/>
</testsuite> <!-- hrmPIM.DeleteEmployee -->
