<?xml version="1.0" encoding="UTF-8"?>
<!-- Generated by org.testng.reporters.JUnitReportReporter -->
<testsuite hostname="sameer" name="hrmPIM.PimNewTest" tests="1" failures="0" timestamp="7 Oct 2016 16:11:12 GMT" time="23.831" errors="0">
  <testcase name="createEmp" time="23.831" classname="hrmPIM.PimNewTest"/>
</testsuite> <!-- hrmPIM.PimNewTest -->
