<?xml version="1.0" encoding="UTF-8"?>
<!-- Generated by org.testng.reporters.JUnitReportReporter -->
<testsuite hostname="sameer" name="hrmPIM.New1Test" tests="1" failures="0" timestamp="27 Oct 2016 07:39:53 GMT" time="20.336" errors="0">
  <testcase name="createEmp" time="20.336" classname="hrmPIM.New1Test"/>
</testsuite> <!-- hrmPIM.New1Test -->
