<?xml version="1.0" encoding="UTF-8"?>
<!-- Generated by org.testng.reporters.JUnitReportReporter -->
<testsuite hostname="sameer" name="hrmPIM.CreateEmployeeTest" tests="1" failures="0" timestamp="15 Nov 2016 17:55:42 GMT" time="40.379" errors="0">
  <testcase name="createEmp" time="40.379" classname="hrmPIM.CreateEmployeeTest"/>
</testsuite> <!-- hrmPIM.CreateEmployeeTest -->
