<?xml version="1.0" encoding="UTF-8"?>
<!-- Generated by org.testng.reporters.JUnitReportReporter -->
<testsuite hostname="sameer" name="hrmPIM.CreateEmployee" tests="1" failures="0" timestamp="10 Oct 2016 20:55:25 GMT" time="21.578" errors="0">
  <testcase name="createEmp" time="21.578" classname="hrmPIM.CreateEmployee"/>
</testsuite> <!-- hrmPIM.CreateEmployee -->
