<?xml version="1.0" encoding="UTF-8"?>
<!-- Generated by org.testng.reporters.JUnitReportReporter -->
<testsuite hostname="sameer" name="hrmPIM.New1Test" tests="1" failures="0" timestamp="10 Jan 2017 04:59:09 GMT" time="18.772" errors="0">
  <testcase name="createEmp" time="18.772" classname="hrmPIM.New1Test"/>
</testsuite> <!-- hrmPIM.New1Test -->
