<?xml version="1.0" encoding="UTF-8"?>
<!-- Generated by org.testng.reporters.JUnitReportReporter -->
<testsuite hostname="sameer" name="hrmPIM.New2Test" tests="1" failures="0" timestamp="10 Jan 2017 04:59:09 GMT" time="25.496" errors="0">
  <testcase name="delEmp" time="25.496" classname="hrmPIM.New2Test"/>
</testsuite> <!-- hrmPIM.New2Test -->
