<?xml version="1.0" encoding="UTF-8"?>
<!-- Generated by org.testng.reporters.JUnitReportReporter -->
<testsuite hostname="sameer" name="hrm.LaunchBrowserTest" tests="3" failures="0" timestamp="5 Oct 2016 20:19:55 GMT" time="19.380" errors="0">
  <testcase name="BrowserTest" time="19.380" classname="hrm.LaunchBrowserTest"/>
  <testcase name="supportTest" time="0.000" classname="hrm.LaunchBrowserTest"/>
  <testcase name="support2Test" time="0.000" classname="hrm.LaunchBrowserTest"/>
</testsuite> <!-- hrm.LaunchBrowserTest -->
