<?xml version="1.0" encoding="UTF-8"?>
<!-- Generated by org.testng.reporters.JUnitReportReporter -->
<testsuite hostname="sameer" name="hrmPIM.CreateEmployeeTest" tests="1" failures="0" timestamp="10 Jan 2017 04:59:09 GMT" time="112.153" errors="0">
  <testcase name="createEmp" time="112.153" classname="hrmPIM.CreateEmployeeTest"/>
</testsuite> <!-- hrmPIM.CreateEmployeeTest -->
