<?xml version="1.0" encoding="UTF-8"?>
<!-- Generated by org.testng.reporters.JUnitReportReporter -->
<testsuite hostname="sameer" name="hrm.LaunchBrowserSecondTest" tests="3" failures="0" timestamp="5 Oct 2016 20:19:55 GMT" time="28.004" errors="0">
  <testcase name="support2Test" time="0.001" classname="hrm.LaunchBrowserSecondTest"/>
  <testcase name="supportTest" time="0.001" classname="hrm.LaunchBrowserSecondTest"/>
  <testcase name="BrowserTest" time="28.002" classname="hrm.LaunchBrowserSecondTest"/>
</testsuite> <!-- hrm.LaunchBrowserSecondTest -->
