<?xml version="1.0" encoding="UTF-8"?>
<!-- Generated by org.testng.reporters.JUnitReportReporter -->
<testsuite hostname="sameer" name="hrmPIM.DeleteEmployeeTest" tests="1" failures="0" timestamp="10 Jan 2017 04:59:09 GMT" time="33.232" errors="0">
  <testcase name="DelEmp" time="33.232" classname="hrmPIM.DeleteEmployeeTest"/>
</testsuite> <!-- hrmPIM.DeleteEmployeeTest -->
